<?xml version="1.0" encoding="UTF-8"?>
<!-- Generated by org.testng.reporters.JUnitReportReporter -->
<testsuite skipped="0" hostname="BLRLAP653" name="com.home.testcases.LandLordTests" tests="5" failures="0" timestamp="12 Feb 2019 06:02:56 GMT" time="6.865" errors="0">
  <testcase name="createLandlords" time="0.119" classname="com.home.testcases.LandLordTests"/>
  <testcase name="createLandlords" time="0.155" classname="com.home.testcases.LandLordTests"/>
  <testcase name="createLandlords" time="0.124" classname="com.home.testcases.LandLordTests"/>
  <testcase name="createLandlords" time="6.268" classname="com.home.testcases.LandLordTests"/>
  <testcase name="createLandlords" time="0.199" classname="com.home.testcases.LandLordTests"/>
</testsuite> <!-- com.home.testcases.LandLordTests -->
