<?xml version="1.0" encoding="UTF-8"?>
<!-- Generated by org.testng.reporters.JUnitReportReporter -->
<testsuite skipped="0" hostname="BLRLAP653" name="PostCall" tests="1" failures="0" timestamp="10 Feb 2019 17:28:42 GMT" time="4.567" errors="0">
  <testcase name="addLandLord" time="4.567" classname="PostCall"/>
</testsuite> <!-- PostCall -->
