<?xml version="1.0" encoding="UTF-8"?>
<!-- Generated by org.testng.reporters.JUnitReportReporter -->
<testsuite skipped="0" hostname="BLRLAP653" name="PostApartments" tests="1" failures="0" timestamp="11 Feb 2019 11:36:28 GMT" time="5.173" errors="0">
  <testcase name="testPostApartments" time="5.173" classname="PostApartments"/>
</testsuite> <!-- PostApartments -->
