<?xml version="1.0" encoding="UTF-8"?>
<!-- Generated by org.testng.reporters.JUnitReportReporter -->
<testsuite skipped="0" hostname="BLRLAP653" name="BesicTests" tests="1" failures="0" timestamp="12 Feb 2019 07:23:47 GMT" time="5.363" errors="0">
  <testcase name="testStatusCode" time="5.363" classname="BesicTests"/>
</testsuite> <!-- BesicTests -->
